<?xml version="1.0" encoding="UTF-8"?>
<!-- Generated by org.testng.reporters.JUnitXMLReporter -->
<testsuite ignored="0" hostname="LAPTOP-BJSMP7Q6" failures="0" tests="3" name="CFTest" time="54.264" errors="0" timestamp="2023-03-30T14:38:33 IST">
  <testcase classname="testcases.CustomFieldConfigurationPageTest" name="verifyAddCustomField" time="15.884"/>
  <testcase classname="testcases.CustomFieldConfigurationPageTest" name="verifyCustomRecordMessage" time="8.432"/>
  <testcase classname="testcases.CustomFieldConfigurationPageTest" name="verifyErrorMessageForField" time="10.871"/>
</testsuite> <!-- CFTest -->
