<?xml version="1.0" encoding="UTF-8"?>
<!-- Generated by org.testng.reporters.JUnitXMLReporter -->
<testsuite ignored="0" hostname="LAPTOP-BJSMP7Q6" failures="1" tests="7" name="LoginTest" time="64.635" errors="0" timestamp="2023-04-05T11:52:56 IST">
  <testcase classname="testcases.LoginPageTest" name="verifyLoginWithInvalidCredendial" time="3.977"/>
  <testcase classname="testcases.LoginPageTest" name="verifyLoginWithInvalidCredendial" time="3.891"/>
  <testcase classname="testcases.LoginPageTest" name="verifyLoginWithInvalidCredendial" time="3.363"/>
  <testcase classname="testcases.LoginPageTest" name="verifyApplicationLogo" time="0.098"/>
  <testcase classname="testcases.LoginPageTest" name="verifyManadatoryFieldMessage" time="0.197"/>
  <testcase classname="testcases.LoginPageTest" name="verifyLoginWithUpdatedPassword" time="36.175">
    <failure type="java.lang.AssertionError" message="unable to login with updated password expected [true] but found [false]">
      <![CDATA[java.lang.AssertionError: unable to login with updated password expected [true] but found [false]
at testcases.LoginPageTest.verifyLoginWithUpdatedPassword(LoginPageTest.java:101)
at java.base/java.util.ArrayList.forEach(ArrayList.java:1511)
... Removed 30 stack frames]]>
    </failure>
  </testcase> <!-- verifyLoginWithUpdatedPassword -->
  <testcase classname="testcases.LoginPageTest" name="verifyLoginWithValidCredendial" time="5.346"/>
</testsuite> <!-- LoginTest -->
