<?xml version="1.0" encoding="UTF-8"?>
<!-- Generated by org.testng.reporters.JUnitXMLReporter -->
<testsuite ignored="2" hostname="LAPTOP-BJSMP7Q6" failures="0" tests="1" name="VerifyLinks" time="38.077" errors="0" timestamp="2023-04-05T19:32:12 IST">
  <testcase classname="testcases.EndToEndTest" name="verifyActiveLinks" time="27.911"/>
  <testcase classname="testcases.EndToEndTest" name="verifyEndToEndAlternateFlow" time="0.0">
    <ignored/>
  </testcase> <!-- verifyEndToEndAlternateFlow -->
  <testcase classname="testcases.EndToEndTest" name="verifyEndToEndBasicFlow" time="0.0">
    <ignored/>
  </testcase> <!-- verifyEndToEndBasicFlow -->
</testsuite> <!-- VerifyLinks -->
